# JRE version: OpenJDK Runtime Environment 21.9 (17.0.3+6) (build 17.0.3+6-LTS)
# Java VM: OpenJDK 64-Bit Server VM 21.9 (17.0.3+6-LTS, mixed mode, sharing, tiered, compressed oops, compressed class ptrs, g1 gc, windows-amd64)
GC Precious Log:
 CPUs: 8 total, 8 available
 Memory: 16124M
 Large Page Support: Disabled
 NUMA Support: Disabled
 Compressed Oops: Enabled (32-bit)
 Heap Region Size: 1M
 Heap Min Capacity: 256M
 Heap Initial Capacity: 256M
 Heap Max Capacity: 512M
 Pre-touch: Disabled
 Parallel Workers: 8
 Concurrent Workers: 2
 Concurrent Refinement Workers: 8
 Periodic GC: Disabled
Heap:
 garbage-first heap   total 262144K, used 186731K [0x00000000e0000000, 0x0000000100000000)
  region size 1024K, 87 young (89088K), 15 survivors (15360K)
 Metaspace       used 70469K, committed 71616K, reserved 380928K
  class space    used 10191K, committed 10752K, reserved 315392K
GC Heap History (20 events):
Event: 0.332 GC heap before
{Heap before GC invocations=0 (full 0):
 garbage-first heap   total 262144K, used 23552K [0x00000000e0000000, 0x0000000100000000)
  region size 1024K, 23 young (23552K), 0 survivors (0K)
 Metaspace       used 863K, committed 960K, reserved 323584K
  class space    used 66K, committed 128K, reserved 315392K
}
Event: 0.338 GC heap after
{Heap after GC invocations=1 (full 0):
 garbage-first heap   total 262144K, used 1598K [0x00000000e0000000, 0x0000000100000000)
  region size 1024K, 2 young (2048K), 2 survivors (2048K)
 Metaspace       used 863K, committed 960K, reserved 323584K
  class space    used 66K, committed 128K, reserved 315392K
}
Event: 0.839 GC heap before
{Heap before GC invocations=1 (full 0):
 garbage-first heap   total 262144K, used 40510K [0x00000000e0000000, 0x0000000100000000)
  region size 1024K, 36 young (36864K), 2 survivors (2048K)
 Metaspace       used 4591K, committed 4736K, reserved 323584K
  class space    used 578K, committed 640K, reserved 315392K
}
Event: 0.842 GC heap after
{Heap after GC invocations=2 (full 0):
 garbage-first heap   total 262144K, used 11711K [0x00000000e0000000, 0x0000000100000000)
  region size 1024K, 5 young (5120K), 5 survivors (5120K)
 Metaspace       used 4591K, committed 4736K, reserved 323584K
  class space    used 578K, committed 640K, reserved 315392K
}
Event: 1.547 GC heap before
{Heap before GC invocations=2 (full 0):
 garbage-first heap   total 262144K, used 80319K [0x00000000e0000000, 0x0000000100000000)
  region size 1024K, 70 young (71680K), 5 survivors (5120K)
 Metaspace       used 7807K, committed 8064K, reserved 323584K
  class space    used 1031K, committed 1152K, reserved 315392K
}
Event: 1.552 GC heap after
{Heap after GC invocations=3 (full 0):
 garbage-first heap   total 262144K, used 18814K [0x00000000e0000000, 0x0000000100000000)
  region size 1024K, 9 young (9216K), 9 survivors (9216K)
 Metaspace       used 7807K, committed 8064K, reserved 323584K
  class space    used 1031K, committed 1152K, reserved 315392K
}
Event: 2.501 GC heap before
{Heap before GC invocations=3 (full 0):
 garbage-first heap   total 262144K, used 104830K [0x00000000e0000000, 0x0000000100000000)
  region size 1024K, 93 young (95232K), 9 survivors (9216K)
 Metaspace       used 21207K, committed 21504K, reserved 339968K
  class space    used 2949K, committed 3072K, reserved 315392K
}
Event: 2.511 GC heap after
{Heap after GC invocations=4 (full 0):
 garbage-first heap   total 262144K, used 23932K [0x00000000e0000000, 0x0000000100000000)
  region size 1024K, 14 young (14336K), 14 survivors (14336K)
 Metaspace       used 21207K, committed 21504K, reserved 339968K
  class space    used 2949K, committed 3072K, reserved 315392K
}
Event: 3.895 GC heap before
{Heap before GC invocations=5 (full 0):
 garbage-first heap   total 262144K, used 172412K [0x00000000e0000000, 0x0000000100000000)
  region size 1024K, 135 young (138240K), 14 survivors (14336K)
 Metaspace       used 35589K, committed 36096K, reserved 348160K
  class space    used 5054K, committed 5312K, reserved 315392K
}
Event: 3.906 GC heap after
{Heap after GC invocations=6 (full 0):
 garbage-first heap   total 262144K, used 60282K [0x00000000e0000000, 0x0000000100000000)
  region size 1024K, 20 young (20480K), 20 survivors (20480K)
 Metaspace       used 35589K, committed 36096K, reserved 348160K
  class space    used 5054K, committed 5312K, reserved 315392K
}
Event: 5.294 GC heap before
{Heap before GC invocations=7 (full 0):
 garbage-first heap   total 262144K, used 197498K [0x00000000e0000000, 0x0000000100000000)
  region size 1024K, 153 young (156672K), 20 survivors (20480K)
 Metaspace       used 45563K, committed 46208K, reserved 356352K
  class space    used 6639K, committed 6912K, reserved 315392K
}
Event: 5.307 GC heap after
{Heap after GC invocations=8 (full 0):
 garbage-first heap   total 262144K, used 70874K [0x00000000e0000000, 0x0000000100000000)
  region size 1024K, 19 young (19456K), 19 survivors (19456K)
 Metaspace       used 45563K, committed 46208K, reserved 356352K
  class space    used 6639K, committed 6912K, reserved 315392K
}
Event: 6.409 GC heap before
{Heap before GC invocations=8 (full 0):
 garbage-first heap   total 262144K, used 200922K [0x00000000e0000000, 0x0000000100000000)
  region size 1024K, 146 young (149504K), 19 survivors (19456K)
 Metaspace       used 48951K, committed 49728K, reserved 364544K
  class space    used 7020K, committed 7424K, reserved 315392K
}
Event: 6.418 GC heap after
{Heap after GC invocations=9 (full 0):
 garbage-first heap   total 262144K, used 75172K [0x00000000e0000000, 0x0000000100000000)
  region size 1024K, 13 young (13312K), 13 survivors (13312K)
 Metaspace       used 48951K, committed 49728K, reserved 364544K
  class space    used 7020K, committed 7424K, reserved 315392K
}
Event: 7.370 GC heap before
{Heap before GC invocations=9 (full 0):
 garbage-first heap   total 262144K, used 221604K [0x00000000e0000000, 0x0000000100000000)
  region size 1024K, 142 young (145408K), 13 survivors (13312K)
 Metaspace       used 54360K, committed 55104K, reserved 364544K
  class space    used 7738K, committed 8128K, reserved 315392K
}
Event: 7.378 GC heap after
{Heap after GC invocations=10 (full 0):
 garbage-first heap   total 262144K, used 95064K [0x00000000e0000000, 0x0000000100000000)
  region size 1024K, 10 young (10240K), 10 survivors (10240K)
 Metaspace       used 54360K, committed 55104K, reserved 364544K
  class space    used 7738K, committed 8128K, reserved 315392K
}
Event: 8.136 GC heap before
{Heap before GC invocations=10 (full 0):
 garbage-first heap   total 262144K, used 168792K [0x00000000e0000000, 0x0000000100000000)
  region size 1024K, 84 young (86016K), 10 survivors (10240K)
 Metaspace       used 59528K, committed 60288K, reserved 372736K
  class space    used 8546K, committed 8896K, reserved 315392K
}
Event: 8.143 GC heap after
{Heap after GC invocations=11 (full 0):
 garbage-first heap   total 262144K, used 99521K [0x00000000e0000000, 0x0000000100000000)
  region size 1024K, 10 young (10240K), 10 survivors (10240K)
 Metaspace       used 59528K, committed 60288K, reserved 372736K
  class space    used 8546K, committed 8896K, reserved 315392K
}
Event: 9.421 GC heap before
{Heap before GC invocations=12 (full 0):
 garbage-first heap   total 262144K, used 213185K [0x00000000e0000000, 0x0000000100000000)
  region size 1024K, 119 young (121856K), 10 survivors (10240K)
 Metaspace       used 64152K, committed 65216K, reserved 372736K
  class space    used 9234K, committed 9728K, reserved 315392K
}
Event: 9.431 GC heap after
{Heap after GC invocations=13 (full 0):
 garbage-first heap   total 262144K, used 114027K [0x00000000e0000000, 0x0000000100000000)
  region size 1024K, 15 young (15360K), 15 survivors (15360K)
 Metaspace       used 64152K, committed 65216K, reserved 372736K
  class space    used 9234K, committed 9728K, reserved 315392K
}

